Android/Inlämningsuppgifter/FirstApp/app/build/intermediates/manifest_merge_blame_file/release/manifest-merger-blame-release-report.txt
1<?xml version="1.0" encoding="utf-8"?>
2<manifest xmlns:android="http://schemas.android.com/apk/res/android"
3    package="com.example.myfirstapp"
4    android:versionCode="1"
5    android:versionName="1.0" >
6
7    <uses-sdk
8        android:minSdkVersion="21"
8-->src\main\AndroidManifest.xml
9        android:targetSdkVersion="31" />
9-->src\main\AndroidManifest.xml
10
11    <application
11-->src\main\AndroidManifest.xml:5:5-27:19
12        android:allowBackup="true"
12-->src\main\AndroidManifest.xml:6:9-35
13        android:appComponentFactory="androidx.core.app.CoreComponentFactory"
13-->[androidx.core:core:1.3.1] AndroidManifest.xml:24:18-86
14        android:icon="@mipmap/ic_launcher"
14-->src\main\AndroidManifest.xml:7:9-43
15        android:label="@string/app_name"
15-->src\main\AndroidManifest.xml:8:9-41
16        android:roundIcon="@mipmap/ic_launcher_round"
16-->src\main\AndroidManifest.xml:9:9-54
17        android:supportsRtl="true"
17-->src\main\AndroidManifest.xml:10:9-35
18        android:theme="@style/Theme.MyFirstApp" >
18-->src\main\AndroidManifest.xml:11:9-48
19        <activity
19-->src\main\AndroidManifest.xml:12:9-17:20
20            android:name="com.example.myfirstapp.DisplayMessageActivity"
20-->src\main\AndroidManifest.xml:13:13-51
21            android:parentActivityName="com.example.myfirstapp.MainActivity" >
21-->src\main\AndroidManifest.xml:14:13-55
22            <meta-data
22-->src\main\AndroidManifest.xml:15:13-16:48
23                android:name="android.support.PARENT_ACTIVITY"
23-->src\main\AndroidManifest.xml:15:24-70
24                android:value=".MainActivity" />
24-->src\main\AndroidManifest.xml:16:17-46
25        </activity>
26        <activity
26-->src\main\AndroidManifest.xml:18:9-26:20
27            android:name="com.example.myfirstapp.MainActivity"
27-->src\main\AndroidManifest.xml:19:13-41
28            android:exported="true" >
28-->src\main\AndroidManifest.xml:20:13-36
29            <intent-filter>
29-->src\main\AndroidManifest.xml:21:13-25:29
30                <action android:name="android.intent.action.MAIN" />
30-->src\main\AndroidManifest.xml:22:17-69
30-->src\main\AndroidManifest.xml:22:25-66
31
32                <category android:name="android.intent.category.LAUNCHER" />
32-->src\main\AndroidManifest.xml:24:17-77
32-->src\main\AndroidManifest.xml:24:27-74
33            </intent-filter>
34        </activity>
35    </application>
36
37</manifest>